<?xml version="1.0" encoding="UTF-8"?>
<!-- Generated by org.testng.reporters.JUnitReportReporter -->
<testsuite hostname="DESKTOP-TBUTGKQ" failures="0" tests="5" name="Rest_Assured.REST_API.BookerApi" time="27.657" errors="0" timestamp="2024-03-26T21:47:05 IST" skipped="0">
  <testcase classname="Rest_Assured.REST_API.BookerApi" name="HealthCheack" time="8.778"/>
  <testcase classname="Rest_Assured.REST_API.BookerApi" name="Token" time="6.156"/>
  <testcase classname="Rest_Assured.REST_API.BookerApi" name="createBooking" time="4.666"/>
  <testcase classname="Rest_Assured.REST_API.BookerApi" name="updateBooking" time="3.654"/>
  <testcase classname="Rest_Assured.REST_API.BookerApi" name="GetBooking" time="4.403"/>
</testsuite> <!-- Rest_Assured.REST_API.BookerApi -->
